[2018-03-01 18:09:32,476 INFO root] Taurus CLI Tool v1.10.5
[2018-03-01 18:09:32,477 DEBUG root] Command-line options: {'log': '/var/folders/sg/kpggq51d2x90jknv40yn197h0000gn/T/bzt_5u1opami.log', 'option': None, 'quiet': True, 'verbose': None, 'no_system_configs': None, 'aliases': []}
[2018-03-01 18:09:32,478 DEBUG root] Python: CPython 3.6.3
[2018-03-01 18:09:32,478 DEBUG root] OS: uname_result(system='Darwin', node='Cictrones-MacBook.local', release='17.4.0', version='Darwin Kernel Version 17.4.0: Sun Dec 17 09:19:54 PST 2017; root:xnu-4570.41.2~1/RELEASE_X86_64', machine='x86_64', processor='i386')
[2018-03-01 18:09:32,479 INFO root] Starting with configs: ['tests/JMETER-Taurus-Test.yml']
[2018-03-01 18:09:32,479 DEBUG root] Using personal config: /Users/Cictrone/.bzt-rc
[2018-03-01 18:09:32,480 INFO Engine] Configuring...
[2018-03-01 18:09:32,480 DEBUG Engine] No machine configs dir: /usr/local/etc/bzt.d
[2018-03-01 18:09:32,480 DEBUG Engine] Base configs list: ['/usr/local/lib/python3.6/site-packages/bzt/resources/base-config.yml']
[2018-03-01 18:09:32,480 DEBUG Engine.Configuration] Configs: ['/usr/local/lib/python3.6/site-packages/bzt/resources/base-config.yml']
[2018-03-01 18:09:32,481 DEBUG Engine.Configuration] Reading /usr/local/lib/python3.6/site-packages/bzt/resources/base-config.yml as YAML
[2018-03-01 18:09:32,583 DEBUG Engine] User configs list: ['/Users/Cictrone/.bzt-rc', 'tests/JMETER-Taurus-Test.yml']
[2018-03-01 18:09:32,583 DEBUG Engine.Configuration] Configs: ['/Users/Cictrone/.bzt-rc', 'tests/JMETER-Taurus-Test.yml']
[2018-03-01 18:09:32,586 DEBUG Engine.Configuration] Reading /Users/Cictrone/.bzt-rc as YAML
[2018-03-01 18:09:32,600 DEBUG Engine.Configuration] Reading tests/JMETER-Taurus-Test.yml as YAML
[2018-03-01 18:09:32,613 DEBUG Engine.Configuration] Configs: ['/Users/Cictrone/.bzt-rc', 'tests/JMETER-Taurus-Test.yml']
[2018-03-01 18:09:32,614 DEBUG Engine.Configuration] Reading /Users/Cictrone/.bzt-rc as YAML
[2018-03-01 18:09:32,626 DEBUG Engine.Configuration] Reading tests/JMETER-Taurus-Test.yml as YAML
[2018-03-01 18:09:32,652 DEBUG Engine] Requesting updates info: http://gettaurus.org/updates/?version=1.10.5&installID=macos-a8667f152462
[2018-03-01 18:09:32,673 INFO Engine] Artifacts dir: /Users/Cictrone/Dropbox/RIT/Spring 2018/Principles of Web Application Security/skitter/2018-03-01_18-09-32.666149
[2018-03-01 18:09:32,682 DEBUG Engine] New artifact filename: /Users/Cictrone/Dropbox/RIT/Spring 2018/Principles of Web Application Security/skitter/2018-03-01_18-09-32.666149/effective
[2018-03-01 18:09:32,692 DEBUG Engine.Configuration] Dumping YAML config into /Users/Cictrone/Dropbox/RIT/Spring 2018/Principles of Web Application Security/skitter/2018-03-01_18-09-32.666149/effective.yml
[2018-03-01 18:09:32,868 DEBUG Engine.Configuration] Dumping JSON config into /Users/Cictrone/Dropbox/RIT/Spring 2018/Principles of Web Application Security/skitter/2018-03-01_18-09-32.666149/effective.json
[2018-03-01 18:09:32,882 DEBUG Engine] New artifact filename: /Users/Cictrone/Dropbox/RIT/Spring 2018/Principles of Web Application Security/skitter/2018-03-01_18-09-32.666149/merged.yml
[2018-03-01 18:09:32,885 DEBUG Engine.Configuration] Dumping YAML config into /Users/Cictrone/Dropbox/RIT/Spring 2018/Principles of Web Application Security/skitter/2018-03-01_18-09-32.666149/merged.yml
[2018-03-01 18:09:32,895 DEBUG Engine] New artifact filename: /Users/Cictrone/Dropbox/RIT/Spring 2018/Principles of Web Application Security/skitter/2018-03-01_18-09-32.666149/merged.json
[2018-03-01 18:09:32,905 DEBUG Engine.Configuration] Dumping JSON config into /Users/Cictrone/Dropbox/RIT/Spring 2018/Principles of Web Application Security/skitter/2018-03-01_18-09-32.666149/merged.json
[2018-03-01 18:09:32,906 DEBUG Engine] Add existing artifact (move=False): tests/JMETER-Taurus-Test.yml
[2018-03-01 18:09:32,907 DEBUG Engine] Copying tests/JMETER-Taurus-Test.yml to /Users/Cictrone/Dropbox/RIT/Spring 2018/Principles of Web Application Security/skitter/2018-03-01_18-09-32.666149/JMETER-Taurus-Test.yml
[2018-03-01 18:09:32,909 DEBUG root] Closing log handler: /var/folders/sg/kpggq51d2x90jknv40yn197h0000gn/T/bzt_5u1opami.log
[2018-03-01 18:09:32,911 DEBUG root] Switched writing logs to /Users/Cictrone/Dropbox/RIT/Spring 2018/Principles of Web Application Security/skitter/2018-03-01_18-09-32.666149/bzt.log
[2018-03-01 18:09:32,912 DEBUG root] Linting config
[2018-03-01 18:09:32,928 INFO Engine] Preparing...
[2018-03-01 18:09:32,931 DEBUG Engine] Module config: consolidator defaultdict(None, {'class': 'bzt.modules.aggregator.ConsolidatingAggregator'})
[2018-03-01 18:09:32,932 DEBUG root] Importing module: bzt.modules.aggregator
[2018-03-01 18:09:33,021 DEBUG root] Loading class: 'ConsolidatingAggregator' from <module 'bzt.modules.aggregator' from '/usr/local/lib/python3.6/site-packages/bzt/modules/aggregator.py'>
[2018-03-01 18:09:33,022 DEBUG Engine.consolidator] Buffer scaling setup: percentile 95.0 from [0.0, 50.0, 90.0, 95.0, 99.0, 99.9, 100.0] selected
[2018-03-01 18:09:33,022 DEBUG Engine] Module config: monitoring defaultdict(None, {'class': 'bzt.modules.monitoring.Monitoring'})
[2018-03-01 18:09:33,022 DEBUG root] Importing module: bzt.modules.monitoring
[2018-03-01 18:09:33,027 DEBUG root] Loading class: 'Monitoring' from <module 'bzt.modules.monitoring' from '/usr/local/lib/python3.6/site-packages/bzt/modules/monitoring.py'>
[2018-03-01 18:09:33,029 DEBUG Engine] Module config: local defaultdict(None, {'class': 'bzt.modules.provisioning.Local'})
[2018-03-01 18:09:33,029 DEBUG root] Importing module: bzt.modules.provisioning
[2018-03-01 18:09:33,029 DEBUG root] Loading class: 'Local' from <module 'bzt.modules.provisioning' from '/usr/local/lib/python3.6/site-packages/bzt/modules/provisioning.py'>
[2018-03-01 18:09:33,030 DEBUG Engine] Module config: jmeter defaultdict(None, {'class': 'bzt.modules.jmeter.JMeterExecutor', 'plugins': ['jpgc-casutg', 'jpgc-dummy', 'jpgc-ffw', 'jpgc-fifo', 'jpgc-functions', 'jpgc-json', 'jpgc-perfmon', 'jpgc-prmctl', 'jpgc-tst'], 'properties': defaultdict(None, {'jmeter.save.saveservice.autoflush': 'true', 'jmeter.save.saveservice.connect_time': 'true', 'jmeterengine.force.system.exit': 'true', 'summariser.name': ''})})
[2018-03-01 18:09:33,031 DEBUG root] Importing module: bzt.modules.jmeter
[2018-03-01 18:09:33,107 DEBUG root] Loading class: 'JMeterExecutor' from <module 'bzt.modules.jmeter' from '/usr/local/lib/python3.6/site-packages/bzt/modules/jmeter.py'>
[2018-03-01 18:09:33,107 DEBUG Engine.local] Preparing executor: jmeter/4398623152
[2018-03-01 18:09:33,109 DEBUG Engine] New artifact filename: /Users/Cictrone/Dropbox/RIT/Spring 2018/Principles of Web Application Security/skitter/2018-03-01_18-09-32.666149/jmeter.log
[2018-03-01 18:09:33,109 DEBUG Engine.jmeter] Checking if port 4445 is free
[2018-03-01 18:09:33,111 DEBUG Engine.jmeter] Port 4445 is free
[2018-03-01 18:09:33,111 DEBUG Engine.jmeter] Using port 4445 for management
[2018-03-01 18:09:33,111 DEBUG Engine.jmeter.JavaVM] Trying JavaVM: ['java', '-version']
[2018-03-01 18:09:33,174 DEBUG Engine] Taurus updates info: {"latest":"1.10.5","needsUpgrade":false}
[2018-03-01 18:09:33,175 DEBUG Engine] Installation is up-to-date
[2018-03-01 18:09:33,557 DEBUG Engine.jmeter.JavaVM] JavaVM output: b'java version "1.8.0_71"\nJava(TM) SE Runtime Environment (build 1.8.0_71-b15)\nJava HotSpot(TM) 64-Bit Server VM (build 25.71-b15, mixed mode)\n'
[2018-03-01 18:09:33,557 DEBUG Engine.jmeter.TclLibrary] We don't need to check tcl library on this platform
[2018-03-01 18:09:33,558 DEBUG Engine.jmeter.JMeter] Trying jmeter: /Users/Cictrone/.bzt/jmeter-taurus/3.3/bin/jmeter.sh
[2018-03-01 18:09:33,559 DEBUG bzt.utils] Executing shell: ['/Users/Cictrone/.bzt/jmeter-taurus/3.3/bin/jmeter.sh', '-j', '/var/folders/sg/kpggq51d2x90jknv40yn197h0000gn/T/jmeter2i1905ablog', '--version'] at .
[2018-03-01 18:09:41,013 DEBUG Engine.jmeter.JMeter] JMeter check:     _    ____   _    ____ _   _ _____       _ __  __ _____ _____ _____ ____     
   / \  |  _ \ / \  / ___| | | | ____|     | |  \/  | ____|_   _| ____|  _ \   
  / _ \ | |_) / _ \| |   | |_| |  _|    _  | | |\/| |  _|   | | |  _| | |_) | 
 / ___ \|  __/ ___ \ |___|  _  | |___  | |_| | |  | | |___  | | | |___|  _ <  
/_/   \_\_| /_/   \_\____|_| |_|_____|  \___/|_|  |_|_____| |_| |_____|_| \_\ 3.3 r1808647  

Copyright (c) 1999-2017 The Apache Software Foundation

 / None
[2018-03-01 18:09:41,014 DEBUG Engine] New artifact filename: /Users/Cictrone/Dropbox/RIT/Spring 2018/Principles of Web Application Security/skitter/2018-03-01_18-09-32.666149/requests.jmx
[2018-03-01 18:09:41,023 DEBUG JMeterScenarioBuilder] Saving JMX to: /Users/Cictrone/Dropbox/RIT/Spring 2018/Principles of Web Application Security/skitter/2018-03-01_18-09-32.666149/requests.jmx
[2018-03-01 18:09:41,026 DEBUG Engine.jmeter] Load: LoadSpec(concurrency=10, throughput=None, ramp_up=5.0, hold=10.0, iterations=0, duration=15.0, steps=None)
[2018-03-01 18:09:41,032 DEBUG Engine] New artifact filename: /Users/Cictrone/Dropbox/RIT/Spring 2018/Principles of Web Application Security/skitter/2018-03-01_18-09-32.666149/kpi.jtl
[2018-03-01 18:09:41,035 DEBUG Engine] New artifact filename: /Users/Cictrone/Dropbox/RIT/Spring 2018/Principles of Web Application Security/skitter/2018-03-01_18-09-32.666149/error.jtl
[2018-03-01 18:09:41,044 DEBUG Engine.jmeter.LoadSettingsProcessor.ThreadGroupHandler] Converting ThreadGroup (Thread Group) to ConcurrencyThreadGroup and apply load parameters
[2018-03-01 18:09:41,045 DEBUG Engine] New artifact filename: /Users/Cictrone/Dropbox/RIT/Spring 2018/Principles of Web Application Security/skitter/2018-03-01_18-09-32.666149/modified_requests.jmx
[2018-03-01 18:09:41,045 DEBUG JMX] Saving JMX to: /Users/Cictrone/Dropbox/RIT/Spring 2018/Principles of Web Application Security/skitter/2018-03-01_18-09-32.666149/modified_requests.jmx
[2018-03-01 18:09:41,047 DEBUG Engine.jmeter] Additional properties: defaultdict(None, {'jmeter.save.saveservice.autoflush': 'true', 'jmeter.save.saveservice.connect_time': 'true', 'jmeterengine.force.system.exit': 'true', 'summariser.name': '', 'jmeterengine.nongui.port': 4445, 'jmeterengine.nongui.maxport': 4445, 'jmeter.save.saveservice.timestamp_format': 'ms', 'sampleresult.default.encoding': 'UTF-8', 'user.classpath': '/Users/Cictrone/Dropbox/RIT/Spring 2018/Principles of Web Application Security/skitter/2018-03-01_18-09-32.666149:/Users/Cictrone/Dropbox/RIT/Spring 2018/Principles of Web Application Security/skitter/2018-03-01_18-09-32.666149'})
[2018-03-01 18:09:41,047 DEBUG Engine] New artifact filename: /Users/Cictrone/Dropbox/RIT/Spring 2018/Principles of Web Application Security/skitter/2018-03-01_18-09-32.666149/jmeter-bzt.properties
[2018-03-01 18:09:41,048 DEBUG Engine.jmeter] Additional system properties defaultdict(None, {'sun.net.inetaddr.ttl': 0})
[2018-03-01 18:09:41,048 DEBUG Engine] New artifact filename: /Users/Cictrone/Dropbox/RIT/Spring 2018/Principles of Web Application Security/skitter/2018-03-01_18-09-32.666149/system.properties
[2018-03-01 18:09:41,049 DEBUG bzt.utils] Executing shell: ['/Users/Cictrone/.bzt/jmeter-taurus/3.3/bin/PluginsManagerCMD.sh', 'install-for-jmx', '/Users/Cictrone/Dropbox/RIT/Spring 2018/Principles of Web Application Security/skitter/2018-03-01_18-09-32.666149/modified_requests.jmx'] at .
[2018-03-01 18:09:48,594 DEBUG Engine.jmeter.JMeter] Try to detect plugins for /Users/Cictrone/Dropbox/RIT/Spring 2018/Principles of Web Application Security/skitter/2018-03-01_18-09-32.666149/modified_requests.jmx
18:09:46.060 [main] INFO  org.jmeterplugins.repository.PluginManager - Plugins Status: [jpgc-functions=2.0, jpgc-casutg=2.5, jpgc-dummy=0.2, jpgc-ffw=2.0, jpgc-fifo=0.2, jpgc-json=2.6, jpgc-prmctl=0.3, jpgc-perfmon=2.1, jpgc-plugins-manager=0.18, jpgc-tst=2.2, jmeter-core=3.3, jmeter-ftp=3.3, jmeter-http=3.3, jmeter-jdbc=3.3, jmeter-jms=3.3, jmeter-junit=3.3, jmeter-java=3.3, jmeter-ldap=3.3, jmeter-mail=3.3, jmeter-mongodb=3.3, jmeter-native=3.3, jmeter-tcp=3.3, jmeter-components=3.3]
2018-03-01 18:09:46,060 INFO o.j.r.PluginManager: Plugins Status: [jpgc-functions=2.0, jpgc-casutg=2.5, jpgc-dummy=0.2, jpgc-ffw=2.0, jpgc-fifo=0.2, jpgc-json=2.6, jpgc-prmctl=0.3, jpgc-perfmon=2.1, jpgc-plugins-manager=0.18, jpgc-tst=2.2, jmeter-core=3.3, jmeter-ftp=3.3, jmeter-http=3.3, jmeter-jdbc=3.3, jmeter-jms=3.3, jmeter-junit=3.3, jmeter-java=3.3, jmeter-ldap=3.3, jmeter-mail=3.3, jmeter-mongodb=3.3, jmeter-native=3.3, jmeter-tcp=3.3, jmeter-components=3.3]
18:09:47.605 [main] INFO  org.apache.jmeter.save.SaveService - Testplan (JMX) version: 2.2. Testlog (JTL) version: 2.2
2018-03-01 18:09:47,605 INFO o.a.j.s.SaveService: Testplan (JMX) version: 2.2. Testlog (JTL) version: 2.2
18:09:47.642 [main] INFO  org.apache.jmeter.save.SaveService - Using SaveService properties file encoding UTF-8
2018-03-01 18:09:47,642 INFO o.a.j.s.SaveService: Using SaveService properties file encoding UTF-8
18:09:47.649 [main] INFO  org.apache.jmeter.save.SaveService - Using SaveService properties version 3.2
2018-03-01 18:09:47,649 INFO o.a.j.s.SaveService: Using SaveService properties version 3.2
18:09:47.817 [main] INFO  org.apache.jmeter.protocol.http.control.CacheManager - Will only cache the following methods: [GET]
2018-03-01 18:09:47,817 INFO o.a.j.p.h.c.CacheManager: Will only cache the following methods: [GET]
18:09:47.826 [main] INFO  org.apache.jmeter.protocol.http.control.CookieManager - Settings: Delete null: true Check: true Allow variable: true Save: false Prefix: COOKIE_
2018-03-01 18:09:47,826 INFO o.a.j.p.h.c.CookieManager: Settings: Delete null: true Check: true Allow variable: true Save: false Prefix: COOKIE_
18:09:48.150 [main] INFO  org.jmeterplugins.repository.PluginManager - Restarting JMeter...
2018-03-01 18:09:48,150 INFO o.j.r.PluginManager: Restarting JMeter...

ERROR StatusLogger No log4j2 configuration file found. Using default configuration: logging only errors to the console. Set system property 'org.apache.logging.log4j.simplelog.StatusLogger.level' to TRACE to show Log4j2 internal initialization logging.

[2018-03-01 18:09:53,599 DEBUG Engine] New artifact filename: /Users/Cictrone/Dropbox/RIT/Spring 2018/Principles of Web Application Security/skitter/2018-03-01_18-09-32.666149/jmeter.out
[2018-03-01 18:09:53,599 DEBUG Engine] New artifact filename: /Users/Cictrone/Dropbox/RIT/Spring 2018/Principles of Web Application Security/skitter/2018-03-01_18-09-32.666149/jmeter.err
[2018-03-01 18:09:53,602 DEBUG Engine] Module config: final-stats defaultdict(None, {'class': 'bzt.modules.reporting.FinalStatus'})
[2018-03-01 18:09:53,602 DEBUG root] Importing module: bzt.modules.reporting
[2018-03-01 18:09:53,838 DEBUG easyprocess] version=0.2.3
[2018-03-01 18:09:53,843 DEBUG pyvirtualdisplay] version=0.2.1
[2018-03-01 18:09:53,846 DEBUG root] Loading class: 'FinalStatus' from <module 'bzt.modules.reporting' from '/usr/local/lib/python3.6/site-packages/bzt/modules/reporting.py'>
[2018-03-01 18:09:53,846 DEBUG Engine] Module config: console defaultdict(None, {'class': 'bzt.modules.console.ConsoleStatusReporter'})
[2018-03-01 18:09:53,847 DEBUG root] Importing module: bzt.modules.console
[2018-03-01 18:09:53,847 DEBUG root] Loading class: 'ConsoleStatusReporter' from <module 'bzt.modules.console' from '/usr/local/lib/python3.6/site-packages/bzt/modules/console.py'>
[2018-03-01 18:09:53,847 DEBUG Engine] Module config: passfail defaultdict(None, {'class': 'bzt.modules.passfail.PassFailStatus'})
[2018-03-01 18:09:53,848 DEBUG root] Importing module: bzt.modules.passfail
[2018-03-01 18:09:53,848 DEBUG root] Loading class: 'PassFailStatus' from <module 'bzt.modules.passfail' from '/usr/local/lib/python3.6/site-packages/bzt/modules/passfail.py'>
[2018-03-01 18:09:53,870 DEBUG root] Importing module: bzt.modules.passfail
[2018-03-01 18:09:53,870 DEBUG root] Loading class: 'DataCriterion' from <module 'bzt.modules.passfail' from '/usr/local/lib/python3.6/site-packages/bzt/modules/passfail.py'>
[2018-03-01 18:09:53,874 DEBUG Engine.Configuration] Dumping YAML config into /Users/Cictrone/Dropbox/RIT/Spring 2018/Principles of Web Application Security/skitter/2018-03-01_18-09-32.666149/effective.yml
[2018-03-01 18:09:53,982 DEBUG Engine.Configuration] Dumping JSON config into /Users/Cictrone/Dropbox/RIT/Spring 2018/Principles of Web Application Security/skitter/2018-03-01_18-09-32.666149/effective.json
[2018-03-01 18:09:53,984 INFO Engine] Starting...
[2018-03-01 18:09:53,985 DEBUG Engine] Startup <bzt.modules.monitoring.Monitoring object at 0x1054474e0>
[2018-03-01 18:09:53,985 DEBUG Engine] Startup <bzt.modules.aggregator.ConsolidatingAggregator object at 0x105447a20>
[2018-03-01 18:09:53,986 DEBUG Engine] Startup <bzt.modules.reporting.FinalStatus object at 0x105441400>
[2018-03-01 18:09:53,986 DEBUG Engine] Startup <bzt.modules.console.ConsoleStatusReporter object at 0x1063706a0>
[2018-03-01 18:09:53,986 INFO Engine.console] Waiting for results...
[2018-03-01 18:09:53,987 DEBUG Engine] Startup <bzt.modules.passfail.PassFailStatus object at 0x106394f60>
[2018-03-01 18:09:53,987 DEBUG Engine] Startup <bzt.modules.provisioning.Local object at 0x1054476a0>
[2018-03-01 18:09:53,987 DEBUG Engine.local] Delay setup for jmeter/Thread Group: 0(start-at) + 0(delay) = 0
[2018-03-01 18:09:54,008 DEBUG Engine.Configuration] Dumping YAML config into /Users/Cictrone/Dropbox/RIT/Spring 2018/Principles of Web Application Security/skitter/2018-03-01_18-09-32.666149/effective.yml
[2018-03-01 18:09:54,138 DEBUG Engine.Configuration] Dumping JSON config into /Users/Cictrone/Dropbox/RIT/Spring 2018/Principles of Web Application Security/skitter/2018-03-01_18-09-32.666149/effective.json
[2018-03-01 18:09:54,155 DEBUG root] Leveling down log file verbosity, use -v option to have DEBUG messages enabled
[2018-03-01 18:09:54,155 DEBUG root] Leveled up log file verbosity
[2018-03-01 18:09:54,175 DEBUG bzt.utils] Executing shell: ['/Users/Cictrone/.bzt/jmeter-taurus/3.3/bin/jmeter.sh', '-n', '-t', '/Users/Cictrone/Dropbox/RIT/Spring 2018/Principles of Web Application Security/skitter/2018-03-01_18-09-32.666149/modified_requests.jmx', '-j', '/Users/Cictrone/Dropbox/RIT/Spring 2018/Principles of Web Application Security/skitter/2018-03-01_18-09-32.666149/jmeter.log', '-q', '/Users/Cictrone/Dropbox/RIT/Spring 2018/Principles of Web Application Security/skitter/2018-03-01_18-09-32.666149/jmeter-bzt.properties', '-S', '/Users/Cictrone/Dropbox/RIT/Spring 2018/Principles of Web Application Security/skitter/2018-03-01_18-09-32.666149/system.properties'] at /Users/Cictrone/Dropbox/RIT/Spring 2018/Principles of Web Application Security/skitter
[2018-03-01 18:09:54,187 DEBUG root] Leveling down log file verbosity, use -v option to have DEBUG messages enabled
[2018-03-01 18:09:54,429 INFO Engine.console] Waiting for finish...
[2018-03-01 18:10:17,423 WARNING Engine] Please wait for graceful shutdown...
[2018-03-01 18:10:17,494 DEBUG root] Leveled up log file verbosity
[2018-03-01 18:10:17,494 INFO Engine] Shutting down...
[2018-03-01 18:10:17,495 DEBUG Engine.local] Shutdown jmeter/Thread Group
[2018-03-01 18:10:17,497 DEBUG Engine.console] Restoring logging streams, [<StreamHandler (WARNING)>]/{<StreamHandler (WARNING)>: <_io.TextIOWrapper name='<stdout>' mode='w' encoding='UTF-8'>}
[2018-03-01 18:10:17,503 DEBUG Engine.Configuration] Dumping YAML config into /Users/Cictrone/Dropbox/RIT/Spring 2018/Principles of Web Application Security/skitter/2018-03-01_18-09-32.666149/effective.yml
[2018-03-01 18:10:17,633 DEBUG Engine.Configuration] Dumping JSON config into /Users/Cictrone/Dropbox/RIT/Spring 2018/Principles of Web Application Security/skitter/2018-03-01_18-09-32.666149/effective.json
[2018-03-01 18:10:17,635 INFO Engine] Post-processing...
[2018-03-01 18:10:17,635 DEBUG Engine.local] Post-process jmeter/Thread Group
[2018-03-01 18:10:17,635 DEBUG Engine] Add existing artifact (move=True): /Users/Cictrone/Dropbox/RIT/Spring 2018/Principles of Web Application Security/skitter/2018-03-01_18-09-32.666149/modified_requests.jmx
[2018-03-01 18:10:17,635 DEBUG Engine] No need to copy /Users/Cictrone/Dropbox/RIT/Spring 2018/Principles of Web Application Security/skitter/2018-03-01_18-09-32.666149/modified_requests.jmx
[2018-03-01 18:10:17,636 DEBUG Engine.jmeter.JTLErrorsReader.FileReader] Reading: /Users/Cictrone/Dropbox/RIT/Spring 2018/Principles of Web Application Security/skitter/2018-03-01_18-09-32.666149/error.jtl
[2018-03-01 18:10:17,636 DEBUG Engine.jmeter.JTLReader.IncrementalCSVReader.FileReader] Reading: /Users/Cictrone/Dropbox/RIT/Spring 2018/Principles of Web Application Security/skitter/2018-03-01_18-09-32.666149/kpi.jtl
[2018-03-01 18:10:17,636 DEBUG Engine.jmeter.JTLReader] Buffer len: 2
[2018-03-01 18:10:17,636 DEBUG Engine.jmeter.JTLReader] Aggregating: 1519945815
[2018-03-01 18:10:17,653 DEBUG Engine.jmeter.JTLReader] Aggregating: 1519945816
[2018-03-01 18:10:17,665 DEBUG Engine.consolidator] Consolidator buffer[4]: dict_keys([1519945813, 1519945814, 1519945815, 1519945816])
[2018-03-01 18:10:17,665 DEBUG Engine.consolidator] Merging into 1519945813
[2018-03-01 18:10:17,665 DEBUG Engine.consolidator] Merging 1519945813
[2018-03-01 18:10:17,681 DEBUG root] 1519945813 Alert: failures>1% for -9223372036854775806 sec: False
[2018-03-01 18:10:17,682 DEBUG Engine.consolidator] Processed datapoint: 1519945813/None
[2018-03-01 18:10:17,682 DEBUG Engine.consolidator] Merging into 1519945814
[2018-03-01 18:10:17,682 DEBUG Engine.consolidator] Merging 1519945814
[2018-03-01 18:10:17,710 DEBUG root] 1519945814 Alert: failures>1% for -9223372036854775806 sec: False
[2018-03-01 18:10:17,711 DEBUG Engine.consolidator] Processed datapoint: 1519945814/None
[2018-03-01 18:10:17,711 DEBUG Engine.consolidator] Merging into 1519945815
[2018-03-01 18:10:17,711 DEBUG Engine.consolidator] Merging 1519945815
[2018-03-01 18:10:17,731 DEBUG root] 1519945815 Alert: failures>1% for -9223372036854775806 sec: False
[2018-03-01 18:10:17,731 DEBUG Engine.consolidator] Processed datapoint: 1519945815/None
[2018-03-01 18:10:17,732 DEBUG Engine.consolidator] Merging into 1519945816
[2018-03-01 18:10:17,732 DEBUG Engine.consolidator] Merging 1519945816
[2018-03-01 18:10:17,747 DEBUG root] 1519945816 Alert: failures>1% for -9223372036854775806 sec: False
[2018-03-01 18:10:17,749 DEBUG Engine.consolidator] Processed datapoint: 1519945816/None
[2018-03-01 18:10:17,750 INFO Engine.final-stats] Test duration: 0:00:24
[2018-03-01 18:10:17,776 INFO Engine.final-stats] Samples count: 2632, 0.00% failures
[2018-03-01 18:10:17,776 INFO Engine.final-stats] Average times: total 0.047, latency 0.046, connect 0.000
[2018-03-01 18:10:17,776 INFO Engine.final-stats] Percentile 0.0%: 0.003
[2018-03-01 18:10:17,777 INFO Engine.final-stats] Percentile 50.0%: 0.030
[2018-03-01 18:10:17,777 INFO Engine.final-stats] Percentile 90.0%: 0.110
[2018-03-01 18:10:17,777 INFO Engine.final-stats] Percentile 95.0%: 0.142
[2018-03-01 18:10:17,777 INFO Engine.final-stats] Percentile 99.0%: 0.188
[2018-03-01 18:10:17,777 INFO Engine.final-stats] Percentile 99.9%: 0.265
[2018-03-01 18:10:17,777 INFO Engine.final-stats] Percentile 100.0%: 0.529
[2018-03-01 18:10:17,777 DEBUG Engine.console] No logger_handler or orig_stream was detected
[2018-03-01 18:10:17,853 DEBUG Engine.Configuration] Dumping YAML config into /Users/Cictrone/Dropbox/RIT/Spring 2018/Principles of Web Application Security/skitter/2018-03-01_18-09-32.666149/effective.yml
[2018-03-01 18:10:18,318 DEBUG Engine.Configuration] Dumping JSON config into /Users/Cictrone/Dropbox/RIT/Spring 2018/Principles of Web Application Security/skitter/2018-03-01_18-09-32.666149/effective.json
[2018-03-01 18:10:18,321 INFO root] Artifacts dir: /Users/Cictrone/Dropbox/RIT/Spring 2018/Principles of Web Application Security/skitter/2018-03-01_18-09-32.666149
[2018-03-01 18:10:18,323 INFO root] Done performing with code: 0
[2018-03-01 18:10:18,323 DEBUG root] Closing log handler: /Users/Cictrone/Dropbox/RIT/Spring 2018/Principles of Web Application Security/skitter/2018-03-01_18-09-32.666149/bzt.log
